[1A[1B[0G[?25l[+] Running 0/0
 [33m-[0m Container vg-backend-1  Creating[34m0.1s [0m
[?25h[1A[1A[0G[?25l[+] Running 0/1
 [33m-[0m Container vg-backend-1  Creating[34m0.2s [0m
[?25h[1A[1A[0G[?25l[+] Running 0/1
 [33m-[0m Container vg-backend-1  Creating[34m0.3s [0m
[?25h[1A[1A[0G[?25l[+] Running 0/1
 [33m-[0m Container vg-backend-1  Creating[34m0.4s [0m
[?25h[1A[1A[0G[?25l[+] Running 0/1
 [33m-[0m Container vg-backend-1  Creating[34m0.9s [0m
[?25h[1A[1A[0G[?25l[+] Running 0/1
 [33m-[0m Container vg-backend-1  Creating[34m0.9s [0m
[?25h[1A[1A[0G[?25l[+] Running 0/1
 [33m-[0m Container vg-backend-1  Creating[34m1.0s [0m
[?25h[1A[1A[0G[?25l[+] Running 0/1
 [33m-[0m Container vg-backend-1  Creating[34m1.1s [0m
[?25h[1A[1A[0G[?25l[+] Running 0/1
 [33m-[0m Container vg-backend-1  Creating[34m1.2s [0m
[?25h[1A[1A[0G[?25l[+] Running 0/1
 [33m-[0m Container vg-backend-1  Creating[34m1.3s [0m
[?25h[1A[1A[0G[?25l[+] Running 0/1
 [33m-[0m Container vg-backend-1  Creating[34m1.4s [0m
[?25h[1A[1A[0G[?25l[+] Running 0/1
 [33m-[0m Container vg-backend-1  Creating[34m1.5s [0m
[?25h[1A[1A[0G[?25l[+] Running 0/1
 [33m-[0m Container vg-backend-1  Creating[34m1.6s [0m
[?25h[1A[1A[0G[?25l[+] Running 0/1
 [33m-[0m Container vg-backend-1  Creating[34m1.7s [0m
[?25h[1A[1A[0G[?25l[34m[+] Running 1/1[0m
 [32m✔[0m Container vg-backend-1  [32mCreated[0m[34m1.7s [0m
[?25hAttaching to backend-1
backend-1  |  * Serving Flask app 'app'
backend-1  |  * Debug mode: off
[1A[1B[0G[?25l[+] Stopping 0/0
 [33m-[0m Container vg-backend-1  Stopping[34m0.1s [0m
[?25h[1A[1A[0G[?25l[+] Stopping 0/1
 [33m-[0m Container vg-backend-1  Stopping[34m0.2s [0m
[?25h[1A[1A[0G[?25l[+] Stopping 0/1
 [33m-[0m Container vg-backend-1  Stopping[34m0.3s [0m
[?25h[1A[1A[0G[?25l[+] Stopping 0/1
 [33m-[0m Container vg-backend-1  Stopping[34m0.4s [0m
[?25h[1A[1A[0G[?25l[+] Stopping 0/1
 [33m-[0m Container vg-backend-1  Stopping[34m0.5s [0m
[?25h[1A[1A[0G[?25l[+] Stopping 0/1
 [33m-[0m Container vg-backend-1  Stopping[34m0.6s [0m
[?25h[1A[1A[0G[?25l[+] Stopping 0/1
 [33m-[0m Container vg-backend-1  Stopping[34m0.7s [0m
[?25h[1A[1A[0G[?25l[+] Stopping 0/1
 [33m-[0m Container vg-backend-1  Stopping[34m0.8s [0m
[?25h[1A[1A[0G[?25l[+] Stopping 0/1
 [33m-[0m Container vg-backend-1  Stopping[34m0.9s [0m
[?25h[1A[1A[0G[?25l[+] Stopping 0/1
 [33m-[0m Container vg-backend-1  Stopping[34m1.0s [0m
[?25h[1A[1A[0G[?25l[+] Stopping 0/1
 [33m-[0m Container vg-backend-1  Stopping[34m1.1s [0m
[?25h[1A[1A[0G[?25l[+] Stopping 0/1
 [33m-[0m Container vg-backend-1  Stopping[34m1.2s [0m
[?25h[1A[1A[0G[?25l[+] Stopping 0/1
 [33m-[0m Container vg-backend-1  Stopping[34m1.3s [0m
[?25h[1A[1A[0G[?25l[+] Stopping 0/1
 [33m-[0m Container vg-backend-1  Stopping[34m1.4s [0m
[?25h[1A[1A[0G[?25l[+] Stopping 0/1
 [33m-[0m Container vg-backend-1  Stopping[34m1.5s [0m
[?25h[1A[1A[0G[?25l[+] Stopping 0/1
 [33m-[0m Container vg-backend-1  Stopping[34m1.6s [0m
[?25h[1A[1A[0G[?25l[+] Stopping 0/1
 [33m-[0m Container vg-backend-1  Stopping[34m1.7s [0m
[?25h[1A[1A[0G[?25l[+] Stopping 0/1
 [33m-[0m Container vg-backend-1  Stopping[34m1.8s [0m
[?25h[1A[1A[0G[?25l[+] Stopping 0/1
 [33m-[0m Container vg-backend-1  Stopping[34m1.9s [0m
[?25h[1A[1A[0G[?25l[+] Stopping 0/1
 [33m-[0m Container vg-backend-1  Stopping[34m2.0s [0m
[?25h[1A[1A[0G[?25l[+] Stopping 0/1
 [33m-[0m Container vg-backend-1  Stopping[34m2.1s [0m
[?25h[1A[1A[0G[?25l[+] Stopping 0/1
 [33m-[0m Container vg-backend-1  Stopping[34m2.2s [0m
[?25h[1A[1A[0G[?25l[+] Stopping 0/1
 [33m-[0m Container vg-backend-1  Stopping[34m2.3s [0m
[?25h[1A[1A[0G[?25l[+] Stopping 0/1
 [33m-[0m Container vg-backend-1  Stopping[34m2.4s [0m
[?25h[1A[1A[0G[?25l[+] Stopping 0/1
 [33m-[0m Container vg-backend-1  Stopping[34m2.5s [0m
[?25h[1A[1A[0G[?25l[+] Stopping 0/1
 [33m-[0m Container vg-backend-1  Stopping[34m2.6s [0m
[?25h[1A[1A[0G[?25l[+] Stopping 0/1
 [33m-[0m Container vg-backend-1  Stopping[34m2.7s [0m
[?25h[1A[1A[0G[?25l[+] Stopping 0/1
 [33m-[0m Container vg-backend-1  Stopping[34m2.8s [0m
[?25h[1A[1A[0G[?25l[+] Stopping 0/1
 [33m-[0m Container vg-backend-1  Stopping[34m2.9s [0m
[?25h[1A[1A[0G[?25l[+] Stopping 0/1
 [33m-[0m Container vg-backend-1  Stopping[34m3.0s [0m
[?25h[1A[1A[0G[?25l[+] Stopping 0/1
 [33m-[0m Container vg-backend-1  Stopping[34m3.1s [0m
[?25h[1A[1A[0G[?25l[+] Stopping 0/1
 [33m-[0m Container vg-backend-1  Stopping[34m3.2s [0m
[?25h[1A[1A[0G[?25l[+] Stopping 0/1
 [33m-[0m Container vg-backend-1  Stopping[34m3.3s [0m
[?25h[1A[1A[0G[?25l[+] Stopping 0/1
 [33m-[0m Container vg-backend-1  Stopping[34m3.4s [0m
[?25h[1A[1A[0G[?25l[+] Stopping 0/1
 [33m-[0m Container vg-backend-1  Stopping[34m3.5s [0m
[?25h[1A[1A[0G[?25l[+] Stopping 0/1
 [33m-[0m Container vg-backend-1  Stopping[34m3.6s [0m
[?25h[1A[1A[0G[?25l[+] Stopping 0/1
 [33m-[0m Container vg-backend-1  Stopping[34m3.7s [0m
[?25h[1A[1A[0G[?25l[+] Stopping 0/1
 [33m-[0m Container vg-backend-1  Stopping[34m3.8s [0m
[?25h[1A[1A[0G[?25l[+] Stopping 0/1
 [33m-[0m Container vg-backend-1  Stopping[34m3.9s [0m
[?25h[1A[1A[0G[?25l[+] Stopping 0/1
 [33m-[0m Container vg-backend-1  Stopping[34m4.0s [0m
[?25h[1A[1A[0G[?25l[+] Stopping 0/1
 [33m-[0m Container vg-backend-1  Stopping[34m4.1s [0m
[?25h[1A[1A[0G[?25l[+] Stopping 0/1
 [33m-[0m Container vg-backend-1  Stopping[34m4.2s [0m
[?25h[1A[1A[0G[?25l[+] Stopping 0/1
 [33m-[0m Container vg-backend-1  Stopping[34m4.3s [0m
[?25h[1A[1A[0G[?25l[+] Stopping 0/1
 [33m-[0m Container vg-backend-1  Stopping[34m4.4s [0m
[?25h[1A[1A[0G[?25l[+] Stopping 0/1
 [33m-[0m Container vg-backend-1  Stopping[34m4.5s [0m
[?25h[1A[1A[0G[?25l[+] Stopping 0/1
 [33m-[0m Container vg-backend-1  Stopping[34m4.6s [0m
[?25h[1A[1A[0G[?25l[+] Stopping 0/1
 [33m-[0m Container vg-backend-1  Stopping[34m4.7s [0m
[?25h[1A[1A[0G[?25l[+] Stopping 0/1
 [33m-[0m Container vg-backend-1  Stopping[34m4.8s [0m
[?25h[1A[1A[0G[?25l[+] Stopping 0/1
 [33m-[0m Container vg-backend-1  Stopping[34m4.9s [0m
[?25h[1A[1A[0G[?25l[+] Stopping 0/1
 [33m-[0m Container vg-backend-1  Stopping[34m5.0s [0m
[?25h[1A[1A[0G[?25l[+] Stopping 0/1
 [33m-[0m Container vg-backend-1  Stopping[34m5.1s [0m
[?25h[1A[1A[0G[?25l[+] Stopping 0/1
 [33m-[0m Container vg-backend-1  Stopping[34m5.2s [0m
[?25h[1A[1A[0G[?25l[+] Stopping 0/1
 [33m-[0m Container vg-backend-1  Stopping[34m5.3s [0m
[?25h[1A[1A[0G[?25l[+] Stopping 0/1
 [33m-[0m Container vg-backend-1  Stopping[34m5.4s [0m
[?25h[1A[1A[0G[?25l[+] Stopping 0/1
 [33m-[0m Container vg-backend-1  Stopping[34m5.5s [0m
[?25h[1A[1A[0G[?25l[+] Stopping 0/1
 [33m-[0m Container vg-backend-1  Stopping[34m5.6s [0m
[?25h[1A[1A[0G[?25l[+] Stopping 0/1
 [33m-[0m Container vg-backend-1  Stopping[34m5.7s [0m
[?25h[1A[1A[0G[?25l[+] Stopping 0/1
 [33m-[0m Container vg-backend-1  Stopping[34m5.8s [0m
[?25h[1A[1A[0G[?25l[+] Stopping 0/1
 [33m-[0m Container vg-backend-1  Stopping[34m5.9s [0m
[?25h[1A[1A[0G[?25l[+] Stopping 0/1
 [33m-[0m Container vg-backend-1  Stopping[34m6.0s [0m
[?25h[1A[1A[0G[?25l[+] Stopping 0/1
 [33m-[0m Container vg-backend-1  Stopping[34m6.1s [0m
[?25h[1A[1A[0G[?25l[+] Stopping 0/1
 [33m-[0m Container vg-backend-1  Stopping[34m6.2s [0m
[?25h[1A[1A[0G[?25l[+] Stopping 0/1
 [33m-[0m Container vg-backend-1  Stopping[34m6.3s [0m
[?25h[1A[1A[0G[?25l[+] Stopping 0/1
 [33m-[0m Container vg-backend-1  Stopping[34m6.4s [0m
[?25h[1A[1A[0G[?25l[+] Stopping 0/1
 [33m-[0m Container vg-backend-1  Stopping[34m6.5s [0m
[?25h[1A[1A[0G[?25l[+] Stopping 0/1
 [33m-[0m Container vg-backend-1  Stopping[34m6.6s [0m
[?25h[1A[1A[0G[?25l[+] Stopping 0/1
 [33m-[0m Container vg-backend-1  Stopping[34m6.7s [0m
[?25h[1A[1A[0G[?25l[+] Stopping 0/1
 [33m-[0m Container vg-backend-1  Stopping[34m6.8s [0m
[?25h[1A[1A[0G[?25l[+] Stopping 0/1
 [33m-[0m Container vg-backend-1  Stopping[34m6.9s [0m
[?25h[1A[1A[0G[?25l[+] Stopping 0/1
 [33m-[0m Container vg-backend-1  Stopping[34m7.0s [0m
[?25h[1A[1A[0G[?25l[+] Stopping 0/1
 [33m-[0m Container vg-backend-1  Stopping[34m7.1s [0m
[?25h[1A[1A[0G[?25l[+] Stopping 0/1
 [33m-[0m Container vg-backend-1  Stopping[34m7.2s [0m
[?25h[1A[1A[0G[?25l[+] Stopping 0/1
 [33m-[0m Container vg-backend-1  Stopping[34m7.3s [0m
[?25h[1A[1A[0G[?25l[+] Stopping 0/1
 [33m-[0m Container vg-backend-1  Stopping[34m7.4s [0m
[?25h[1A[1A[0G[?25l[+] Stopping 0/1
 [33m-[0m Container vg-backend-1  Stopping[34m7.5s [0m
[?25h[1A[1A[0G[?25l[+] Stopping 0/1
 [33m-[0m Container vg-backend-1  Stopping[34m7.6s [0m
[?25h[1A[1A[0G[?25l[+] Stopping 0/1
 [33m-[0m Container vg-backend-1  Stopping[34m7.7s [0m
[?25h[1A[1A[0G[?25l[+] Stopping 0/1
 [33m-[0m Container vg-backend-1  Stopping[34m7.8s [0m
[?25h[1A[1A[0G[?25l[+] Stopping 0/1
 [33m-[0m Container vg-backend-1  Stopping[34m7.9s [0m
[?25h[1A[1A[0G[?25l[+] Stopping 0/1
 [33m-[0m Container vg-backend-1  Stopping[34m8.0s [0m
[?25h[1A[1A[0G[?25l[+] Stopping 0/1
 [33m-[0m Container vg-backend-1  Stopping[34m8.1s [0m
[?25h[1A[1A[0G[?25l[+] Stopping 0/1
 [33m-[0m Container vg-backend-1  Stopping[34m8.2s [0m
[?25h[1A[1A[0G[?25l[+] Stopping 0/1
 [33m-[0m Container vg-backend-1  Stopping[34m8.3s [0m
[?25h[1A[1A[0G[?25l[+] Stopping 0/1
 [33m-[0m Container vg-backend-1  Stopping[34m8.4s [0m
[?25h[1A[1A[0G[?25l[+] Stopping 0/1
 [33m-[0m Container vg-backend-1  Stopping[34m8.5s [0m
[?25h[1A[1A[0G[?25l[+] Stopping 0/1
 [33m-[0m Container vg-backend-1  Stopping[34m8.6s [0m
[?25h[1A[1A[0G[?25l[+] Stopping 0/1
 [33m-[0m Container vg-backend-1  Stopping[34m8.7s [0m
[?25h[1A[1A[0G[?25l[+] Stopping 0/1
 [33m-[0m Container vg-backend-1  Stopping[34m8.8s [0m
[?25h[1A[1A[0G[?25l[+] Stopping 0/1
 [33m-[0m Container vg-backend-1  Stopping[34m8.9s [0m
[?25h[1A[1A[0G[?25l[+] Stopping 0/1
 [33m-[0m Container vg-backend-1  Stopping[34m9.0s [0m
[?25h[1A[1A[0G[?25l[+] Stopping 0/1
 [33m-[0m Container vg-backend-1  Stopping[34m9.1s [0m
[?25h[1A[1A[0G[?25l[+] Stopping 0/1
 [33m-[0m Container vg-backend-1  Stopping[34m9.2s [0m
[?25h[1A[1A[0G[?25l[+] Stopping 0/1
 [33m-[0m Container vg-backend-1  Stopping[34m9.3s [0m
[?25h[1A[1A[0G[?25l[+] Stopping 0/1
 [33m-[0m Container vg-backend-1  Stopping[34m9.4s [0m
[?25h[1A[1A[0G[?25l[+] Stopping 0/1
 [33m-[0m Container vg-backend-1  Stopping[34m9.5s [0m
[?25h[1A[1A[0G[?25l[+] Stopping 0/1
 [33m-[0m Container vg-backend-1  Stopping[34m9.6s [0m
[?25h[1A[1A[0G[?25l[+] Stopping 0/1
 [33m-[0m Container vg-backend-1  Stopping[34m9.7s [0m
[?25h[1A[1A[0G[?25l[+] Stopping 0/1
 [33m-[0m Container vg-backend-1  Stopping[34m9.8s [0m
[?25h[1A[1A[0G[?25l[+] Stopping 0/1
 [33m-[0m Container vg-backend-1  Stopping[34m9.9s [0m
[?25h[1A[1A[0G[?25l[+] Stopping 0/1
 [33m-[0m Container vg-backend-1  Stopping[34m10.0s [0m
[?25h[1A[1A[0G[?25l[+] Stopping 0/1
 [33m-[0m Container vg-backend-1  Stopping[34m10.1s [0m
[?25h[1A[1A[0G[?25l[+] Stopping 0/1
 [33m-[0m Container vg-backend-1  Stopping[34m10.2s [0m
[?25h[1A[1A[0G[?25l[+] Stopping 0/1
 [33m-[0m Container vg-backend-1  Stopping[34m10.3s [0m
[?25h[1A[1A[0G[?25l[+] Stopping 0/1
 [33m-[0m Container vg-backend-1  Stopping[34m10.4s [0m
[?25h[1A[1A[0G[?25l[34m[+] Stopping 1/1[0m
 [32m✔[0m Container vg-backend-1  [32mStopped[0m[34m10.4s [0m
[?25h